[spotify] Loaded 42 cached songs from disk

[app] Preloading saved_features.pkl...
  [OK] Feature DB: 20 songs loaded into memory

[db] Database Segment Distribution:
  106 segments | Nenjakame.wav
  105 segments | Aethu Kari Raavilum.wav
  102 segments | Ente Kannil Ninakkaai.wav
   97 segments | Thaniye.wav
   95 segments | Vennila Chandana Kinnam.wav
   94 segments | Nenjodu cherthu.wav
   94 segments | Muthuchippi.wav
   83 segments | Thumbi Vaa Olangal.wav
   81 segments | Neela Nilave.wav
   76 segments | Uyiril Thodum.wav
[db] Total segments: 1573, Avg: 78.7 per song

[spotify] Loaded 42 cached songs from disk
================================================
  🎵 QBH Music Intelligence Platform (Stabilized)
================================================
  ✅ Feature DB: 20 songs
  🌐 Server running on http://0.0.0.0:5000
 * Serving Flask app 'app'
 * Debug mode: off
WARNING: This is a development server. Do not use it in a production deployment. Use a production WSGI server instead.
 * Running on all addresses (0.0.0.0)
 * Running on http://127.0.0.1:5000
 * Running on http://192.168.1.46:5000
Press CTRL+C to quit
[spotify] Loaded 42 cached songs from disk

[app] Preloading saved_features.pkl...
  [OK] Feature DB: 20 songs loaded into memory

[db] Database Segment Distribution:
  106 segments | Nenjakame.wav
  105 segments | Aethu Kari Raavilum.wav
  102 segments | Ente Kannil Ninakkaai.wav
   97 segments | Thaniye.wav
   95 segments | Vennila Chandana Kinnam.wav
   94 segments | Nenjodu cherthu.wav
   94 segments | Muthuchippi.wav
   83 segments | Thumbi Vaa Olangal.wav
   81 segments | Neela Nilave.wav
   76 segments | Uyiril Thodum.wav
[db] Total segments: 1573, Avg: 78.7 per song

[spotify] Loaded 42 cached songs from disk
================================================
  🎵 QBH Music Intelligence Platform (Stabilized)
================================================
  ✅ Feature DB: 20 songs
  🌐 Server running on http://0.0.0.0:5000
 * Serving Flask app 'app'
 * Debug mode: off
WARNING: This is a development server. Do not use it in a production deployment. Use a production WSGI server instead.
 * Running on all addresses (0.0.0.0)
 * Running on http://127.0.0.1:5000
 * Running on http://192.168.1.46:5000
Press CTRL+C to quit
